<?xml version="1.0" encoding="UTF-8"?>
<!-- Generated by org.testng.reporters.JUnitReportReporter -->
<testsuite hostname="master" failures="0" tests="1" name="wesite.wesite.AboutUs" time="3.019" errors="0" timestamp="02 Feb 2021 16:46:29 GMT" skipped="0">
  <testcase classname="wesite.wesite.AboutUs" name="testContext" time="3.019"/>
</testsuite> <!-- wesite.wesite.AboutUs -->
